CRITICAL - 2023-09-26 01:42:43 --> syntax error, unexpected token ";", expecting "]"
in APPPATH\Controllers\MusicController.php on line 43.
 1 SYSTEMPATH\Autoloader\Autoloader.php(285): CodeIgniter\Autoloader\Autoloader->includeFile('D:\\laragon\\www\\SimpleMusicPlayer\\app\\Controllers\\MusicController.php')
 2 SYSTEMPATH\Autoloader\Autoloader.php(263): CodeIgniter\Autoloader\Autoloader->loadInNamespace('App\\Controllers\\MusicController')
 3 [internal function]: CodeIgniter\Autoloader\Autoloader->loadClass('App\\Controllers\\MusicController')
 4 SYSTEMPATH\CodeIgniter.php(877): class_exists('\\App\\Controllers\\MusicController', true)
 5 SYSTEMPATH\CodeIgniter.php(481): CodeIgniter\CodeIgniter->startController()
 6 SYSTEMPATH\CodeIgniter.php(353): CodeIgniter\CodeIgniter->handleRequest(null, Object(Config\Cache), false)
 7 FCPATH\index.php(79): CodeIgniter\CodeIgniter->run()
 8 SYSTEMPATH\Commands\Server\rewrite.php(47): require_once('D:\\laragon\\www\\SimpleMusicPlayer\\public\\index.php')
CRITICAL - 2023-09-26 01:42:44 --> syntax error, unexpected token ";", expecting "]"
in APPPATH\Controllers\MusicController.php on line 43.
 1 SYSTEMPATH\Autoloader\Autoloader.php(285): CodeIgniter\Autoloader\Autoloader->includeFile('D:\\laragon\\www\\SimpleMusicPlayer\\app\\Controllers\\MusicController.php')
 2 SYSTEMPATH\Autoloader\Autoloader.php(263): CodeIgniter\Autoloader\Autoloader->loadInNamespace('App\\Controllers\\MusicController')
 3 [internal function]: CodeIgniter\Autoloader\Autoloader->loadClass('App\\Controllers\\MusicController')
 4 SYSTEMPATH\CodeIgniter.php(877): class_exists('\\App\\Controllers\\MusicController', true)
 5 SYSTEMPATH\CodeIgniter.php(481): CodeIgniter\CodeIgniter->startController()
 6 SYSTEMPATH\CodeIgniter.php(353): CodeIgniter\CodeIgniter->handleRequest(null, Object(Config\Cache), false)
 7 FCPATH\index.php(79): CodeIgniter\CodeIgniter->run()
 8 SYSTEMPATH\Commands\Server\rewrite.php(47): require_once('D:\\laragon\\www\\SimpleMusicPlayer\\public\\index.php')
CRITICAL - 2023-09-26 01:43:06 --> syntax error, unexpected token ";", expecting "]"
in APPPATH\Controllers\MusicController.php on line 43.
 1 SYSTEMPATH\Autoloader\Autoloader.php(285): CodeIgniter\Autoloader\Autoloader->includeFile('D:\\laragon\\www\\SimpleMusicPlayer\\app\\Controllers\\MusicController.php')
 2 SYSTEMPATH\Autoloader\Autoloader.php(263): CodeIgniter\Autoloader\Autoloader->loadInNamespace('App\\Controllers\\MusicController')
 3 [internal function]: CodeIgniter\Autoloader\Autoloader->loadClass('App\\Controllers\\MusicController')
 4 SYSTEMPATH\CodeIgniter.php(877): class_exists('\\App\\Controllers\\MusicController', true)
 5 SYSTEMPATH\CodeIgniter.php(481): CodeIgniter\CodeIgniter->startController()
 6 SYSTEMPATH\CodeIgniter.php(353): CodeIgniter\CodeIgniter->handleRequest(null, Object(Config\Cache), false)
 7 FCPATH\index.php(79): CodeIgniter\CodeIgniter->run()
 8 SYSTEMPATH\Commands\Server\rewrite.php(47): require_once('D:\\laragon\\www\\SimpleMusicPlayer\\public\\index.php')
CRITICAL - 2023-09-26 01:44:32 --> syntax error, unexpected token ";", expecting "]"
in APPPATH\Controllers\MusicController.php on line 43.
 1 SYSTEMPATH\Autoloader\Autoloader.php(285): CodeIgniter\Autoloader\Autoloader->includeFile('D:\\laragon\\www\\SimpleMusicPlayer\\app\\Controllers\\MusicController.php')
 2 SYSTEMPATH\Autoloader\Autoloader.php(263): CodeIgniter\Autoloader\Autoloader->loadInNamespace('App\\Controllers\\MusicController')
 3 [internal function]: CodeIgniter\Autoloader\Autoloader->loadClass('App\\Controllers\\MusicController')
 4 SYSTEMPATH\CodeIgniter.php(877): class_exists('\\App\\Controllers\\MusicController', true)
 5 SYSTEMPATH\CodeIgniter.php(481): CodeIgniter\CodeIgniter->startController()
 6 SYSTEMPATH\CodeIgniter.php(353): CodeIgniter\CodeIgniter->handleRequest(null, Object(Config\Cache), false)
 7 FCPATH\index.php(79): CodeIgniter\CodeIgniter->run()
 8 SYSTEMPATH\Commands\Server\rewrite.php(47): require_once('D:\\laragon\\www\\SimpleMusicPlayer\\public\\index.php')
CRITICAL - 2023-09-26 02:21:18 --> syntax error, unexpected token "endif", expecting end of file
in APPPATH\Views\music.php on line 114.
 1 SYSTEMPATH\View\View.php(229): CodeIgniter\View\View->CodeIgniter\View\{closure}()
 2 SYSTEMPATH\Common.php(1188): CodeIgniter\View\View->render('music', [], true)
 3 APPPATH\Controllers\MusicController.php(21): view('music', [...])
 4 SYSTEMPATH\CodeIgniter.php(919): App\Controllers\MusicController->index()
 5 SYSTEMPATH\CodeIgniter.php(494): CodeIgniter\CodeIgniter->runController(Object(App\Controllers\MusicController))
 6 SYSTEMPATH\CodeIgniter.php(353): CodeIgniter\CodeIgniter->handleRequest(null, Object(Config\Cache), false)
 7 FCPATH\index.php(79): CodeIgniter\CodeIgniter->run()
 8 SYSTEMPATH\Commands\Server\rewrite.php(47): require_once('D:\\laragon\\www\\SimpleMusicPlayer\\public\\index.php')
CRITICAL - 2023-09-26 02:21:31 --> Undefined variable $music
in APPPATH\Views\music.php on line 111.
 1 APPPATH\Views\music.php(111): CodeIgniter\Debug\Exceptions->errorHandler(2, 'Undefined variable $music', 'D:\\laragon\\www\\SimpleMusicPlayer\\app\\Views\\music.php', 111)
 2 SYSTEMPATH\View\View.php(226): include('D:\\laragon\\www\\SimpleMusicPlayer\\app\\Views\\music.php')
 3 SYSTEMPATH\View\View.php(229): CodeIgniter\View\View->CodeIgniter\View\{closure}()
 4 SYSTEMPATH\Common.php(1188): CodeIgniter\View\View->render('music', [], true)
 5 APPPATH\Controllers\MusicController.php(21): view('music', [...])
 6 SYSTEMPATH\CodeIgniter.php(919): App\Controllers\MusicController->index()
 7 SYSTEMPATH\CodeIgniter.php(494): CodeIgniter\CodeIgniter->runController(Object(App\Controllers\MusicController))
 8 SYSTEMPATH\CodeIgniter.php(353): CodeIgniter\CodeIgniter->handleRequest(null, Object(Config\Cache), false)
 9 FCPATH\index.php(79): CodeIgniter\CodeIgniter->run()
10 SYSTEMPATH\Commands\Server\rewrite.php(47): require_once('D:\\laragon\\www\\SimpleMusicPlayer\\public\\index.php')
CRITICAL - 2023-09-26 02:25:33 --> Undefined variable $musics
in APPPATH\Views\music.php on line 111.
 1 APPPATH\Views\music.php(111): CodeIgniter\Debug\Exceptions->errorHandler(2, 'Undefined variable $musics', 'D:\\laragon\\www\\SimpleMusicPlayer\\app\\Views\\music.php', 111)
 2 SYSTEMPATH\View\View.php(226): include('D:\\laragon\\www\\SimpleMusicPlayer\\app\\Views\\music.php')
 3 SYSTEMPATH\View\View.php(229): CodeIgniter\View\View->CodeIgniter\View\{closure}()
 4 SYSTEMPATH\Common.php(1188): CodeIgniter\View\View->render('music', [], true)
 5 APPPATH\Controllers\MusicController.php(21): view('music', [...])
 6 SYSTEMPATH\CodeIgniter.php(919): App\Controllers\MusicController->index()
 7 SYSTEMPATH\CodeIgniter.php(494): CodeIgniter\CodeIgniter->runController(Object(App\Controllers\MusicController))
 8 SYSTEMPATH\CodeIgniter.php(353): CodeIgniter\CodeIgniter->handleRequest(null, Object(Config\Cache), false)
 9 FCPATH\index.php(79): CodeIgniter\CodeIgniter->run()
10 SYSTEMPATH\Commands\Server\rewrite.php(47): require_once('D:\\laragon\\www\\SimpleMusicPlayer\\public\\index.php')
CRITICAL - 2023-09-26 02:38:22 --> syntax error, unexpected token "if"
in APPPATH\Views\music.php on line 111.
 1 SYSTEMPATH\View\View.php(229): CodeIgniter\View\View->CodeIgniter\View\{closure}()
 2 SYSTEMPATH\Common.php(1188): CodeIgniter\View\View->render('music', [], true)
 3 APPPATH\Controllers\MusicController.php(21): view('music', [...])
 4 SYSTEMPATH\CodeIgniter.php(919): App\Controllers\MusicController->index()
 5 SYSTEMPATH\CodeIgniter.php(494): CodeIgniter\CodeIgniter->runController(Object(App\Controllers\MusicController))
 6 SYSTEMPATH\CodeIgniter.php(353): CodeIgniter\CodeIgniter->handleRequest(null, Object(Config\Cache), false)
 7 FCPATH\index.php(79): CodeIgniter\CodeIgniter->run()
 8 SYSTEMPATH\Commands\Server\rewrite.php(47): require_once('D:\\laragon\\www\\SimpleMusicPlayer\\public\\index.php')
CRITICAL - 2023-09-26 02:38:22 --> syntax error, unexpected token "if"
in APPPATH\Views\music.php on line 111.
 1 SYSTEMPATH\View\View.php(229): CodeIgniter\View\View->CodeIgniter\View\{closure}()
 2 SYSTEMPATH\Common.php(1188): CodeIgniter\View\View->render('music', [], true)
 3 APPPATH\Controllers\MusicController.php(21): view('music', [...])
 4 SYSTEMPATH\CodeIgniter.php(919): App\Controllers\MusicController->index()
 5 SYSTEMPATH\CodeIgniter.php(494): CodeIgniter\CodeIgniter->runController(Object(App\Controllers\MusicController))
 6 SYSTEMPATH\CodeIgniter.php(353): CodeIgniter\CodeIgniter->handleRequest(null, Object(Config\Cache), false)
 7 FCPATH\index.php(79): CodeIgniter\CodeIgniter->run()
 8 SYSTEMPATH\Commands\Server\rewrite.php(47): require_once('D:\\laragon\\www\\SimpleMusicPlayer\\public\\index.php')
CRITICAL - 2023-09-26 02:41:49 --> Undefined variable $music
in APPPATH\Views\music.php on line 111.
 1 APPPATH\Views\music.php(111): CodeIgniter\Debug\Exceptions->errorHandler(2, 'Undefined variable $music', 'D:\\laragon\\www\\SimpleMusicPlayer\\app\\Views\\music.php', 111)
 2 SYSTEMPATH\View\View.php(226): include('D:\\laragon\\www\\SimpleMusicPlayer\\app\\Views\\music.php')
 3 SYSTEMPATH\View\View.php(229): CodeIgniter\View\View->CodeIgniter\View\{closure}()
 4 SYSTEMPATH\Common.php(1188): CodeIgniter\View\View->render('music', [], true)
 5 APPPATH\Controllers\MusicController.php(21): view('music', [...])
 6 SYSTEMPATH\CodeIgniter.php(919): App\Controllers\MusicController->index()
 7 SYSTEMPATH\CodeIgniter.php(494): CodeIgniter\CodeIgniter->runController(Object(App\Controllers\MusicController))
 8 SYSTEMPATH\CodeIgniter.php(353): CodeIgniter\CodeIgniter->handleRequest(null, Object(Config\Cache), false)
 9 FCPATH\index.php(79): CodeIgniter\CodeIgniter->run()
10 SYSTEMPATH\Commands\Server\rewrite.php(47): require_once('D:\\laragon\\www\\SimpleMusicPlayer\\public\\index.php')
CRITICAL - 2023-09-26 02:47:22 --> Undefined variable $music
in APPPATH\Views\music.php on line 111.
 1 APPPATH\Views\music.php(111): CodeIgniter\Debug\Exceptions->errorHandler(2, 'Undefined variable $music', 'D:\\laragon\\www\\SimpleMusicPlayer\\app\\Views\\music.php', 111)
 2 SYSTEMPATH\View\View.php(226): include('D:\\laragon\\www\\SimpleMusicPlayer\\app\\Views\\music.php')
 3 SYSTEMPATH\View\View.php(229): CodeIgniter\View\View->CodeIgniter\View\{closure}()
 4 SYSTEMPATH\Common.php(1188): CodeIgniter\View\View->render('music', [], true)
 5 APPPATH\Controllers\MusicController.php(21): view('music', [...])
 6 SYSTEMPATH\CodeIgniter.php(919): App\Controllers\MusicController->index()
 7 SYSTEMPATH\CodeIgniter.php(494): CodeIgniter\CodeIgniter->runController(Object(App\Controllers\MusicController))
 8 SYSTEMPATH\CodeIgniter.php(353): CodeIgniter\CodeIgniter->handleRequest(null, Object(Config\Cache), false)
 9 FCPATH\index.php(79): CodeIgniter\CodeIgniter->run()
10 SYSTEMPATH\Commands\Server\rewrite.php(47): require_once('D:\\laragon\\www\\SimpleMusicPlayer\\public\\index.php')
CRITICAL - 2023-09-26 02:52:51 --> Invalid file: "/.php"
in SYSTEMPATH\Exceptions\FrameworkException.php on line 39.
 1 SYSTEMPATH\View\View.php(214): CodeIgniter\Exceptions\FrameworkException::forInvalidFile('/.php')
 2 SYSTEMPATH\Common.php(1188): CodeIgniter\View\View->render('/', [], true)
 3 APPPATH\Controllers\MusicController.php(133): view('/', [...])
 4 SYSTEMPATH\CodeIgniter.php(919): App\Controllers\MusicController->searchMusic()
 5 SYSTEMPATH\CodeIgniter.php(494): CodeIgniter\CodeIgniter->runController(Object(App\Controllers\MusicController))
 6 SYSTEMPATH\CodeIgniter.php(353): CodeIgniter\CodeIgniter->handleRequest(null, Object(Config\Cache), false)
 7 FCPATH\index.php(79): CodeIgniter\CodeIgniter->run()
 8 SYSTEMPATH\Commands\Server\rewrite.php(47): require_once('D:\\laragon\\www\\SimpleMusicPlayer\\public\\index.php')
CRITICAL - 2023-09-26 02:53:29 --> Undefined variable $playlists
in APPPATH\Views\music.php on line 102.
 1 APPPATH\Views\music.php(102): CodeIgniter\Debug\Exceptions->errorHandler(2, 'Undefined variable $playlists', 'D:\\laragon\\www\\SimpleMusicPlayer\\app\\Views\\music.php', 102)
 2 SYSTEMPATH\View\View.php(226): include('D:\\laragon\\www\\SimpleMusicPlayer\\app\\Views\\music.php')
 3 SYSTEMPATH\View\View.php(229): CodeIgniter\View\View->CodeIgniter\View\{closure}()
 4 SYSTEMPATH\Common.php(1188): CodeIgniter\View\View->render('music', [], true)
 5 APPPATH\Controllers\MusicController.php(133): view('music', [...])
 6 SYSTEMPATH\CodeIgniter.php(919): App\Controllers\MusicController->searchMusic()
 7 SYSTEMPATH\CodeIgniter.php(494): CodeIgniter\CodeIgniter->runController(Object(App\Controllers\MusicController))
 8 SYSTEMPATH\CodeIgniter.php(353): CodeIgniter\CodeIgniter->handleRequest(null, Object(Config\Cache), false)
 9 FCPATH\index.php(79): CodeIgniter\CodeIgniter->run()
10 SYSTEMPATH\Commands\Server\rewrite.php(47): require_once('D:\\laragon\\www\\SimpleMusicPlayer\\public\\index.php')
CRITICAL - 2023-09-26 05:00:49 --> Undefined variable $playlists
in APPPATH\Views\music.php on line 102.
 1 APPPATH\Views\music.php(102): CodeIgniter\Debug\Exceptions->errorHandler(2, 'Undefined variable $playlists', 'D:\\laragon\\www\\SimpleMusicPlayer\\app\\Views\\music.php', 102)
 2 SYSTEMPATH\View\View.php(226): include('D:\\laragon\\www\\SimpleMusicPlayer\\app\\Views\\music.php')
 3 SYSTEMPATH\View\View.php(229): CodeIgniter\View\View->CodeIgniter\View\{closure}()
 4 SYSTEMPATH\Common.php(1188): CodeIgniter\View\View->render('music', [], true)
 5 APPPATH\Controllers\MusicController.php(133): view('music', [...])
 6 SYSTEMPATH\CodeIgniter.php(919): App\Controllers\MusicController->searchMusic()
 7 SYSTEMPATH\CodeIgniter.php(494): CodeIgniter\CodeIgniter->runController(Object(App\Controllers\MusicController))
 8 SYSTEMPATH\CodeIgniter.php(353): CodeIgniter\CodeIgniter->handleRequest(null, Object(Config\Cache), false)
 9 FCPATH\index.php(79): CodeIgniter\CodeIgniter->run()
10 SYSTEMPATH\Commands\Server\rewrite.php(47): require_once('D:\\laragon\\www\\SimpleMusicPlayer\\public\\index.php')
CRITICAL - 2023-09-26 05:02:56 --> syntax error, unexpected token "(", expecting ";"
in APPPATH\Views\music.php on line 106.
 1 SYSTEMPATH\View\View.php(229): CodeIgniter\View\View->CodeIgniter\View\{closure}()
 2 SYSTEMPATH\Common.php(1188): CodeIgniter\View\View->render('music', [], true)
 3 APPPATH\Controllers\MusicController.php(24): view('music', [...])
 4 SYSTEMPATH\CodeIgniter.php(919): App\Controllers\MusicController->index()
 5 SYSTEMPATH\CodeIgniter.php(494): CodeIgniter\CodeIgniter->runController(Object(App\Controllers\MusicController))
 6 SYSTEMPATH\CodeIgniter.php(353): CodeIgniter\CodeIgniter->handleRequest(null, Object(Config\Cache), false)
 7 FCPATH\index.php(79): CodeIgniter\CodeIgniter->run()
 8 SYSTEMPATH\Commands\Server\rewrite.php(47): require_once('D:\\laragon\\www\\SimpleMusicPlayer\\public\\index.php')
CRITICAL - 2023-09-26 05:02:57 --> syntax error, unexpected token "(", expecting ";"
in APPPATH\Views\music.php on line 106.
 1 SYSTEMPATH\View\View.php(229): CodeIgniter\View\View->CodeIgniter\View\{closure}()
 2 SYSTEMPATH\Common.php(1188): CodeIgniter\View\View->render('music', [], true)
 3 APPPATH\Controllers\MusicController.php(24): view('music', [...])
 4 SYSTEMPATH\CodeIgniter.php(919): App\Controllers\MusicController->index()
 5 SYSTEMPATH\CodeIgniter.php(494): CodeIgniter\CodeIgniter->runController(Object(App\Controllers\MusicController))
 6 SYSTEMPATH\CodeIgniter.php(353): CodeIgniter\CodeIgniter->handleRequest(null, Object(Config\Cache), false)
 7 FCPATH\index.php(79): CodeIgniter\CodeIgniter->run()
 8 SYSTEMPATH\Commands\Server\rewrite.php(47): require_once('D:\\laragon\\www\\SimpleMusicPlayer\\public\\index.php')
CRITICAL - 2023-09-26 05:03:15 --> syntax error, unexpected token "(", expecting ";"
in APPPATH\Views\music.php on line 106.
 1 SYSTEMPATH\View\View.php(229): CodeIgniter\View\View->CodeIgniter\View\{closure}()
 2 SYSTEMPATH\Common.php(1188): CodeIgniter\View\View->render('music', [], true)
 3 APPPATH\Controllers\MusicController.php(24): view('music', [...])
 4 SYSTEMPATH\CodeIgniter.php(919): App\Controllers\MusicController->index()
 5 SYSTEMPATH\CodeIgniter.php(494): CodeIgniter\CodeIgniter->runController(Object(App\Controllers\MusicController))
 6 SYSTEMPATH\CodeIgniter.php(353): CodeIgniter\CodeIgniter->handleRequest(null, Object(Config\Cache), false)
 7 FCPATH\index.php(79): CodeIgniter\CodeIgniter->run()
 8 SYSTEMPATH\Commands\Server\rewrite.php(47): require_once('D:\\laragon\\www\\SimpleMusicPlayer\\public\\index.php')
CRITICAL - 2023-09-26 05:03:56 --> Undefined variable $playlists
in APPPATH\Views\music.php on line 147.
 1 APPPATH\Views\music.php(147): CodeIgniter\Debug\Exceptions->errorHandler(2, 'Undefined variable $playlists', 'D:\\laragon\\www\\SimpleMusicPlayer\\app\\Views\\music.php', 147)
 2 SYSTEMPATH\View\View.php(226): include('D:\\laragon\\www\\SimpleMusicPlayer\\app\\Views\\music.php')
 3 SYSTEMPATH\View\View.php(229): CodeIgniter\View\View->CodeIgniter\View\{closure}()
 4 SYSTEMPATH\Common.php(1188): CodeIgniter\View\View->render('music', [], true)
 5 APPPATH\Controllers\MusicController.php(133): view('music', [...])
 6 SYSTEMPATH\CodeIgniter.php(919): App\Controllers\MusicController->searchMusic()
 7 SYSTEMPATH\CodeIgniter.php(494): CodeIgniter\CodeIgniter->runController(Object(App\Controllers\MusicController))
 8 SYSTEMPATH\CodeIgniter.php(353): CodeIgniter\CodeIgniter->handleRequest(null, Object(Config\Cache), false)
 9 FCPATH\index.php(79): CodeIgniter\CodeIgniter->run()
10 SYSTEMPATH\Commands\Server\rewrite.php(47): require_once('D:\\laragon\\www\\SimpleMusicPlayer\\public\\index.php')
ERROR - 2023-09-26 09:03:53 --> mysqli_sql_exception: Unknown column 'playlist_id' in 'where clause' in D:\laragon\www\SimpleMusicPlayer\system\Database\MySQLi\Connection.php:306
Stack trace:
#0 D:\laragon\www\SimpleMusicPlayer\system\Database\MySQLi\Connection.php(306): mysqli->query('SELECT *\nFROM `...', 0)
#1 D:\laragon\www\SimpleMusicPlayer\system\Database\BaseConnection.php(692): CodeIgniter\Database\MySQLi\Connection->execute('SELECT *\nFROM `...')
#2 D:\laragon\www\SimpleMusicPlayer\system\Database\BaseConnection.php(606): CodeIgniter\Database\BaseConnection->simpleQuery('SELECT *\nFROM `...')
#3 D:\laragon\www\SimpleMusicPlayer\system\Database\BaseBuilder.php(1615): CodeIgniter\Database\BaseConnection->query('SELECT *\nFROM `...', Array, false)
#4 D:\laragon\www\SimpleMusicPlayer\system\Model.php(237): CodeIgniter\Database\BaseBuilder->get()
#5 D:\laragon\www\SimpleMusicPlayer\system\BaseModel.php(624): CodeIgniter\Model->doFindAll(0, 0)
#6 D:\laragon\www\SimpleMusicPlayer\app\Controllers\MusicController.php(142): CodeIgniter\BaseModel->findAll()
#7 D:\laragon\www\SimpleMusicPlayer\system\CodeIgniter.php(919): App\Controllers\MusicController->fetchMusicOptions('1')
#8 D:\laragon\www\SimpleMusicPlayer\system\CodeIgniter.php(494): CodeIgniter\CodeIgniter->runController(Object(App\Controllers\MusicController))
#9 D:\laragon\www\SimpleMusicPlayer\system\CodeIgniter.php(353): CodeIgniter\CodeIgniter->handleRequest(NULL, Object(Config\Cache), false)
#10 D:\laragon\www\SimpleMusicPlayer\public\index.php(79): CodeIgniter\CodeIgniter->run()
#11 D:\laragon\www\SimpleMusicPlayer\system\Commands\Server\rewrite.php(47): require_once('D:\\laragon\\www\\...')
#12 {main}
CRITICAL - 2023-09-26 09:03:53 --> Unknown column 'playlist_id' in 'where clause'
in SYSTEMPATH\Database\BaseConnection.php on line 646.
 1 SYSTEMPATH\Database\BaseBuilder.php(1615): CodeIgniter\Database\BaseConnection->query('SELECT *
FROM `music`
WHERE `playlist_id` = :playlist_id:', [...], false)
 2 SYSTEMPATH\Model.php(237): CodeIgniter\Database\BaseBuilder->get()
 3 SYSTEMPATH\BaseModel.php(624): CodeIgniter\Model->doFindAll(0, 0)
 4 APPPATH\Controllers\MusicController.php(142): CodeIgniter\BaseModel->findAll()
 5 SYSTEMPATH\CodeIgniter.php(919): App\Controllers\MusicController->fetchMusicOptions('1')
 6 SYSTEMPATH\CodeIgniter.php(494): CodeIgniter\CodeIgniter->runController(Object(App\Controllers\MusicController))
 7 SYSTEMPATH\CodeIgniter.php(353): CodeIgniter\CodeIgniter->handleRequest(null, Object(Config\Cache), false)
 8 FCPATH\index.php(79): CodeIgniter\CodeIgniter->run()
 9 SYSTEMPATH\Commands\Server\rewrite.php(47): require_once('D:\\laragon\\www\\SimpleMusicPlayer\\public\\index.php')
ERROR - 2023-09-26 09:04:09 --> mysqli_sql_exception: Unknown column 'playlist_id' in 'where clause' in D:\laragon\www\SimpleMusicPlayer\system\Database\MySQLi\Connection.php:306
Stack trace:
#0 D:\laragon\www\SimpleMusicPlayer\system\Database\MySQLi\Connection.php(306): mysqli->query('SELECT *\nFROM `...', 0)
#1 D:\laragon\www\SimpleMusicPlayer\system\Database\BaseConnection.php(692): CodeIgniter\Database\MySQLi\Connection->execute('SELECT *\nFROM `...')
#2 D:\laragon\www\SimpleMusicPlayer\system\Database\BaseConnection.php(606): CodeIgniter\Database\BaseConnection->simpleQuery('SELECT *\nFROM `...')
#3 D:\laragon\www\SimpleMusicPlayer\system\Database\BaseBuilder.php(1615): CodeIgniter\Database\BaseConnection->query('SELECT *\nFROM `...', Array, false)
#4 D:\laragon\www\SimpleMusicPlayer\system\Model.php(237): CodeIgniter\Database\BaseBuilder->get()
#5 D:\laragon\www\SimpleMusicPlayer\system\BaseModel.php(624): CodeIgniter\Model->doFindAll(0, 0)
#6 D:\laragon\www\SimpleMusicPlayer\app\Controllers\MusicController.php(142): CodeIgniter\BaseModel->findAll()
#7 D:\laragon\www\SimpleMusicPlayer\system\CodeIgniter.php(919): App\Controllers\MusicController->fetchMusicOptions('1')
#8 D:\laragon\www\SimpleMusicPlayer\system\CodeIgniter.php(494): CodeIgniter\CodeIgniter->runController(Object(App\Controllers\MusicController))
#9 D:\laragon\www\SimpleMusicPlayer\system\CodeIgniter.php(353): CodeIgniter\CodeIgniter->handleRequest(NULL, Object(Config\Cache), false)
#10 D:\laragon\www\SimpleMusicPlayer\public\index.php(79): CodeIgniter\CodeIgniter->run()
#11 D:\laragon\www\SimpleMusicPlayer\system\Commands\Server\rewrite.php(47): require_once('D:\\laragon\\www\\...')
#12 {main}
CRITICAL - 2023-09-26 09:04:09 --> Unknown column 'playlist_id' in 'where clause'
in SYSTEMPATH\Database\BaseConnection.php on line 646.
 1 SYSTEMPATH\Database\BaseBuilder.php(1615): CodeIgniter\Database\BaseConnection->query('SELECT *
FROM `music`
WHERE `playlist_id` = :playlist_id:', [...], false)
 2 SYSTEMPATH\Model.php(237): CodeIgniter\Database\BaseBuilder->get()
 3 SYSTEMPATH\BaseModel.php(624): CodeIgniter\Model->doFindAll(0, 0)
 4 APPPATH\Controllers\MusicController.php(142): CodeIgniter\BaseModel->findAll()
 5 SYSTEMPATH\CodeIgniter.php(919): App\Controllers\MusicController->fetchMusicOptions('1')
 6 SYSTEMPATH\CodeIgniter.php(494): CodeIgniter\CodeIgniter->runController(Object(App\Controllers\MusicController))
 7 SYSTEMPATH\CodeIgniter.php(353): CodeIgniter\CodeIgniter->handleRequest(null, Object(Config\Cache), false)
 8 FCPATH\index.php(79): CodeIgniter\CodeIgniter->run()
 9 SYSTEMPATH\Commands\Server\rewrite.php(47): require_once('D:\\laragon\\www\\SimpleMusicPlayer\\public\\index.php')
ERROR - 2023-09-26 09:07:06 --> mysqli_sql_exception: Unknown column 'playlist_id' in 'where clause' in D:\laragon\www\SimpleMusicPlayer\system\Database\MySQLi\Connection.php:306
Stack trace:
#0 D:\laragon\www\SimpleMusicPlayer\system\Database\MySQLi\Connection.php(306): mysqli->query('SELECT *\nFROM `...', 0)
#1 D:\laragon\www\SimpleMusicPlayer\system\Database\BaseConnection.php(692): CodeIgniter\Database\MySQLi\Connection->execute('SELECT *\nFROM `...')
#2 D:\laragon\www\SimpleMusicPlayer\system\Database\BaseConnection.php(606): CodeIgniter\Database\BaseConnection->simpleQuery('SELECT *\nFROM `...')
#3 D:\laragon\www\SimpleMusicPlayer\system\Database\BaseBuilder.php(1615): CodeIgniter\Database\BaseConnection->query('SELECT *\nFROM `...', Array, false)
#4 D:\laragon\www\SimpleMusicPlayer\system\Model.php(237): CodeIgniter\Database\BaseBuilder->get()
#5 D:\laragon\www\SimpleMusicPlayer\system\BaseModel.php(624): CodeIgniter\Model->doFindAll(0, 0)
#6 D:\laragon\www\SimpleMusicPlayer\app\Controllers\MusicController.php(142): CodeIgniter\BaseModel->findAll()
#7 D:\laragon\www\SimpleMusicPlayer\system\CodeIgniter.php(919): App\Controllers\MusicController->fetchMusicOptions('1')
#8 D:\laragon\www\SimpleMusicPlayer\system\CodeIgniter.php(494): CodeIgniter\CodeIgniter->runController(Object(App\Controllers\MusicController))
#9 D:\laragon\www\SimpleMusicPlayer\system\CodeIgniter.php(353): CodeIgniter\CodeIgniter->handleRequest(NULL, Object(Config\Cache), false)
#10 D:\laragon\www\SimpleMusicPlayer\public\index.php(79): CodeIgniter\CodeIgniter->run()
#11 D:\laragon\www\SimpleMusicPlayer\system\Commands\Server\rewrite.php(47): require_once('D:\\laragon\\www\\...')
#12 {main}
CRITICAL - 2023-09-26 09:07:06 --> Unknown column 'playlist_id' in 'where clause'
in SYSTEMPATH\Database\BaseConnection.php on line 646.
 1 SYSTEMPATH\Database\BaseBuilder.php(1615): CodeIgniter\Database\BaseConnection->query('SELECT *
FROM `music`
WHERE `playlist_id` = :playlist_id:', [...], false)
 2 SYSTEMPATH\Model.php(237): CodeIgniter\Database\BaseBuilder->get()
 3 SYSTEMPATH\BaseModel.php(624): CodeIgniter\Model->doFindAll(0, 0)
 4 APPPATH\Controllers\MusicController.php(142): CodeIgniter\BaseModel->findAll()
 5 SYSTEMPATH\CodeIgniter.php(919): App\Controllers\MusicController->fetchMusicOptions('1')
 6 SYSTEMPATH\CodeIgniter.php(494): CodeIgniter\CodeIgniter->runController(Object(App\Controllers\MusicController))
 7 SYSTEMPATH\CodeIgniter.php(353): CodeIgniter\CodeIgniter->handleRequest(null, Object(Config\Cache), false)
 8 FCPATH\index.php(79): CodeIgniter\CodeIgniter->run()
 9 SYSTEMPATH\Commands\Server\rewrite.php(47): require_once('D:\\laragon\\www\\SimpleMusicPlayer\\public\\index.php')
ERROR - 2023-09-26 09:07:07 --> mysqli_sql_exception: Unknown column 'playlist_id' in 'where clause' in D:\laragon\www\SimpleMusicPlayer\system\Database\MySQLi\Connection.php:306
Stack trace:
#0 D:\laragon\www\SimpleMusicPlayer\system\Database\MySQLi\Connection.php(306): mysqli->query('SELECT *\nFROM `...', 0)
#1 D:\laragon\www\SimpleMusicPlayer\system\Database\BaseConnection.php(692): CodeIgniter\Database\MySQLi\Connection->execute('SELECT *\nFROM `...')
#2 D:\laragon\www\SimpleMusicPlayer\system\Database\BaseConnection.php(606): CodeIgniter\Database\BaseConnection->simpleQuery('SELECT *\nFROM `...')
#3 D:\laragon\www\SimpleMusicPlayer\system\Database\BaseBuilder.php(1615): CodeIgniter\Database\BaseConnection->query('SELECT *\nFROM `...', Array, false)
#4 D:\laragon\www\SimpleMusicPlayer\system\Model.php(237): CodeIgniter\Database\BaseBuilder->get()
#5 D:\laragon\www\SimpleMusicPlayer\system\BaseModel.php(624): CodeIgniter\Model->doFindAll(0, 0)
#6 D:\laragon\www\SimpleMusicPlayer\app\Controllers\MusicController.php(142): CodeIgniter\BaseModel->findAll()
#7 D:\laragon\www\SimpleMusicPlayer\system\CodeIgniter.php(919): App\Controllers\MusicController->fetchMusicOptions('1')
#8 D:\laragon\www\SimpleMusicPlayer\system\CodeIgniter.php(494): CodeIgniter\CodeIgniter->runController(Object(App\Controllers\MusicController))
#9 D:\laragon\www\SimpleMusicPlayer\system\CodeIgniter.php(353): CodeIgniter\CodeIgniter->handleRequest(NULL, Object(Config\Cache), false)
#10 D:\laragon\www\SimpleMusicPlayer\public\index.php(79): CodeIgniter\CodeIgniter->run()
#11 D:\laragon\www\SimpleMusicPlayer\system\Commands\Server\rewrite.php(47): require_once('D:\\laragon\\www\\...')
#12 {main}
CRITICAL - 2023-09-26 09:07:07 --> Unknown column 'playlist_id' in 'where clause'
in SYSTEMPATH\Database\BaseConnection.php on line 646.
 1 SYSTEMPATH\Database\BaseBuilder.php(1615): CodeIgniter\Database\BaseConnection->query('SELECT *
FROM `music`
WHERE `playlist_id` = :playlist_id:', [...], false)
 2 SYSTEMPATH\Model.php(237): CodeIgniter\Database\BaseBuilder->get()
 3 SYSTEMPATH\BaseModel.php(624): CodeIgniter\Model->doFindAll(0, 0)
 4 APPPATH\Controllers\MusicController.php(142): CodeIgniter\BaseModel->findAll()
 5 SYSTEMPATH\CodeIgniter.php(919): App\Controllers\MusicController->fetchMusicOptions('1')
 6 SYSTEMPATH\CodeIgniter.php(494): CodeIgniter\CodeIgniter->runController(Object(App\Controllers\MusicController))
 7 SYSTEMPATH\CodeIgniter.php(353): CodeIgniter\CodeIgniter->handleRequest(null, Object(Config\Cache), false)
 8 FCPATH\index.php(79): CodeIgniter\CodeIgniter->run()
 9 SYSTEMPATH\Commands\Server\rewrite.php(47): require_once('D:\\laragon\\www\\SimpleMusicPlayer\\public\\index.php')
ERROR - 2023-09-26 09:07:09 --> mysqli_sql_exception: Unknown column 'playlist_id' in 'where clause' in D:\laragon\www\SimpleMusicPlayer\system\Database\MySQLi\Connection.php:306
Stack trace:
#0 D:\laragon\www\SimpleMusicPlayer\system\Database\MySQLi\Connection.php(306): mysqli->query('SELECT *\nFROM `...', 0)
#1 D:\laragon\www\SimpleMusicPlayer\system\Database\BaseConnection.php(692): CodeIgniter\Database\MySQLi\Connection->execute('SELECT *\nFROM `...')
#2 D:\laragon\www\SimpleMusicPlayer\system\Database\BaseConnection.php(606): CodeIgniter\Database\BaseConnection->simpleQuery('SELECT *\nFROM `...')
#3 D:\laragon\www\SimpleMusicPlayer\system\Database\BaseBuilder.php(1615): CodeIgniter\Database\BaseConnection->query('SELECT *\nFROM `...', Array, false)
#4 D:\laragon\www\SimpleMusicPlayer\system\Model.php(237): CodeIgniter\Database\BaseBuilder->get()
#5 D:\laragon\www\SimpleMusicPlayer\system\BaseModel.php(624): CodeIgniter\Model->doFindAll(0, 0)
#6 D:\laragon\www\SimpleMusicPlayer\app\Controllers\MusicController.php(142): CodeIgniter\BaseModel->findAll()
#7 D:\laragon\www\SimpleMusicPlayer\system\CodeIgniter.php(919): App\Controllers\MusicController->fetchMusicOptions('1')
#8 D:\laragon\www\SimpleMusicPlayer\system\CodeIgniter.php(494): CodeIgniter\CodeIgniter->runController(Object(App\Controllers\MusicController))
#9 D:\laragon\www\SimpleMusicPlayer\system\CodeIgniter.php(353): CodeIgniter\CodeIgniter->handleRequest(NULL, Object(Config\Cache), false)
#10 D:\laragon\www\SimpleMusicPlayer\public\index.php(79): CodeIgniter\CodeIgniter->run()
#11 D:\laragon\www\SimpleMusicPlayer\system\Commands\Server\rewrite.php(47): require_once('D:\\laragon\\www\\...')
#12 {main}
CRITICAL - 2023-09-26 09:07:09 --> Unknown column 'playlist_id' in 'where clause'
in SYSTEMPATH\Database\BaseConnection.php on line 646.
 1 SYSTEMPATH\Database\BaseBuilder.php(1615): CodeIgniter\Database\BaseConnection->query('SELECT *
FROM `music`
WHERE `playlist_id` = :playlist_id:', [...], false)
 2 SYSTEMPATH\Model.php(237): CodeIgniter\Database\BaseBuilder->get()
 3 SYSTEMPATH\BaseModel.php(624): CodeIgniter\Model->doFindAll(0, 0)
 4 APPPATH\Controllers\MusicController.php(142): CodeIgniter\BaseModel->findAll()
 5 SYSTEMPATH\CodeIgniter.php(919): App\Controllers\MusicController->fetchMusicOptions('1')
 6 SYSTEMPATH\CodeIgniter.php(494): CodeIgniter\CodeIgniter->runController(Object(App\Controllers\MusicController))
 7 SYSTEMPATH\CodeIgniter.php(353): CodeIgniter\CodeIgniter->handleRequest(null, Object(Config\Cache), false)
 8 FCPATH\index.php(79): CodeIgniter\CodeIgniter->run()
 9 SYSTEMPATH\Commands\Server\rewrite.php(47): require_once('D:\\laragon\\www\\SimpleMusicPlayer\\public\\index.php')
ERROR - 2023-09-26 09:07:11 --> mysqli_sql_exception: Unknown column 'playlist_id' in 'where clause' in D:\laragon\www\SimpleMusicPlayer\system\Database\MySQLi\Connection.php:306
Stack trace:
#0 D:\laragon\www\SimpleMusicPlayer\system\Database\MySQLi\Connection.php(306): mysqli->query('SELECT *\nFROM `...', 0)
#1 D:\laragon\www\SimpleMusicPlayer\system\Database\BaseConnection.php(692): CodeIgniter\Database\MySQLi\Connection->execute('SELECT *\nFROM `...')
#2 D:\laragon\www\SimpleMusicPlayer\system\Database\BaseConnection.php(606): CodeIgniter\Database\BaseConnection->simpleQuery('SELECT *\nFROM `...')
#3 D:\laragon\www\SimpleMusicPlayer\system\Database\BaseBuilder.php(1615): CodeIgniter\Database\BaseConnection->query('SELECT *\nFROM `...', Array, false)
#4 D:\laragon\www\SimpleMusicPlayer\system\Model.php(237): CodeIgniter\Database\BaseBuilder->get()
#5 D:\laragon\www\SimpleMusicPlayer\system\BaseModel.php(624): CodeIgniter\Model->doFindAll(0, 0)
#6 D:\laragon\www\SimpleMusicPlayer\app\Controllers\MusicController.php(142): CodeIgniter\BaseModel->findAll()
#7 D:\laragon\www\SimpleMusicPlayer\system\CodeIgniter.php(919): App\Controllers\MusicController->fetchMusicOptions('1')
#8 D:\laragon\www\SimpleMusicPlayer\system\CodeIgniter.php(494): CodeIgniter\CodeIgniter->runController(Object(App\Controllers\MusicController))
#9 D:\laragon\www\SimpleMusicPlayer\system\CodeIgniter.php(353): CodeIgniter\CodeIgniter->handleRequest(NULL, Object(Config\Cache), false)
#10 D:\laragon\www\SimpleMusicPlayer\public\index.php(79): CodeIgniter\CodeIgniter->run()
#11 D:\laragon\www\SimpleMusicPlayer\system\Commands\Server\rewrite.php(47): require_once('D:\\laragon\\www\\...')
#12 {main}
CRITICAL - 2023-09-26 09:07:11 --> Unknown column 'playlist_id' in 'where clause'
in SYSTEMPATH\Database\BaseConnection.php on line 646.
 1 SYSTEMPATH\Database\BaseBuilder.php(1615): CodeIgniter\Database\BaseConnection->query('SELECT *
FROM `music`
WHERE `playlist_id` = :playlist_id:', [...], false)
 2 SYSTEMPATH\Model.php(237): CodeIgniter\Database\BaseBuilder->get()
 3 SYSTEMPATH\BaseModel.php(624): CodeIgniter\Model->doFindAll(0, 0)
 4 APPPATH\Controllers\MusicController.php(142): CodeIgniter\BaseModel->findAll()
 5 SYSTEMPATH\CodeIgniter.php(919): App\Controllers\MusicController->fetchMusicOptions('1')
 6 SYSTEMPATH\CodeIgniter.php(494): CodeIgniter\CodeIgniter->runController(Object(App\Controllers\MusicController))
 7 SYSTEMPATH\CodeIgniter.php(353): CodeIgniter\CodeIgniter->handleRequest(null, Object(Config\Cache), false)
 8 FCPATH\index.php(79): CodeIgniter\CodeIgniter->run()
 9 SYSTEMPATH\Commands\Server\rewrite.php(47): require_once('D:\\laragon\\www\\SimpleMusicPlayer\\public\\index.php')
ERROR - 2023-09-26 09:07:13 --> mysqli_sql_exception: Unknown column 'playlist_id' in 'where clause' in D:\laragon\www\SimpleMusicPlayer\system\Database\MySQLi\Connection.php:306
Stack trace:
#0 D:\laragon\www\SimpleMusicPlayer\system\Database\MySQLi\Connection.php(306): mysqli->query('SELECT *\nFROM `...', 0)
#1 D:\laragon\www\SimpleMusicPlayer\system\Database\BaseConnection.php(692): CodeIgniter\Database\MySQLi\Connection->execute('SELECT *\nFROM `...')
#2 D:\laragon\www\SimpleMusicPlayer\system\Database\BaseConnection.php(606): CodeIgniter\Database\BaseConnection->simpleQuery('SELECT *\nFROM `...')
#3 D:\laragon\www\SimpleMusicPlayer\system\Database\BaseBuilder.php(1615): CodeIgniter\Database\BaseConnection->query('SELECT *\nFROM `...', Array, false)
#4 D:\laragon\www\SimpleMusicPlayer\system\Model.php(237): CodeIgniter\Database\BaseBuilder->get()
#5 D:\laragon\www\SimpleMusicPlayer\system\BaseModel.php(624): CodeIgniter\Model->doFindAll(0, 0)
#6 D:\laragon\www\SimpleMusicPlayer\app\Controllers\MusicController.php(142): CodeIgniter\BaseModel->findAll()
#7 D:\laragon\www\SimpleMusicPlayer\system\CodeIgniter.php(919): App\Controllers\MusicController->fetchMusicOptions('1')
#8 D:\laragon\www\SimpleMusicPlayer\system\CodeIgniter.php(494): CodeIgniter\CodeIgniter->runController(Object(App\Controllers\MusicController))
#9 D:\laragon\www\SimpleMusicPlayer\system\CodeIgniter.php(353): CodeIgniter\CodeIgniter->handleRequest(NULL, Object(Config\Cache), false)
#10 D:\laragon\www\SimpleMusicPlayer\public\index.php(79): CodeIgniter\CodeIgniter->run()
#11 D:\laragon\www\SimpleMusicPlayer\system\Commands\Server\rewrite.php(47): require_once('D:\\laragon\\www\\...')
#12 {main}
CRITICAL - 2023-09-26 09:07:13 --> Unknown column 'playlist_id' in 'where clause'
in SYSTEMPATH\Database\BaseConnection.php on line 646.
 1 SYSTEMPATH\Database\BaseBuilder.php(1615): CodeIgniter\Database\BaseConnection->query('SELECT *
FROM `music`
WHERE `playlist_id` = :playlist_id:', [...], false)
 2 SYSTEMPATH\Model.php(237): CodeIgniter\Database\BaseBuilder->get()
 3 SYSTEMPATH\BaseModel.php(624): CodeIgniter\Model->doFindAll(0, 0)
 4 APPPATH\Controllers\MusicController.php(142): CodeIgniter\BaseModel->findAll()
 5 SYSTEMPATH\CodeIgniter.php(919): App\Controllers\MusicController->fetchMusicOptions('1')
 6 SYSTEMPATH\CodeIgniter.php(494): CodeIgniter\CodeIgniter->runController(Object(App\Controllers\MusicController))
 7 SYSTEMPATH\CodeIgniter.php(353): CodeIgniter\CodeIgniter->handleRequest(null, Object(Config\Cache), false)
 8 FCPATH\index.php(79): CodeIgniter\CodeIgniter->run()
 9 SYSTEMPATH\Commands\Server\rewrite.php(47): require_once('D:\\laragon\\www\\SimpleMusicPlayer\\public\\index.php')
ERROR - 2023-09-26 09:08:59 --> mysqli_sql_exception: Unknown column 'playlist_id' in 'where clause' in D:\laragon\www\SimpleMusicPlayer\system\Database\MySQLi\Connection.php:306
Stack trace:
#0 D:\laragon\www\SimpleMusicPlayer\system\Database\MySQLi\Connection.php(306): mysqli->query('SELECT *\nFROM `...', 0)
#1 D:\laragon\www\SimpleMusicPlayer\system\Database\BaseConnection.php(692): CodeIgniter\Database\MySQLi\Connection->execute('SELECT *\nFROM `...')
#2 D:\laragon\www\SimpleMusicPlayer\system\Database\BaseConnection.php(606): CodeIgniter\Database\BaseConnection->simpleQuery('SELECT *\nFROM `...')
#3 D:\laragon\www\SimpleMusicPlayer\system\Database\BaseBuilder.php(1615): CodeIgniter\Database\BaseConnection->query('SELECT *\nFROM `...', Array, false)
#4 D:\laragon\www\SimpleMusicPlayer\system\Model.php(237): CodeIgniter\Database\BaseBuilder->get()
#5 D:\laragon\www\SimpleMusicPlayer\system\BaseModel.php(624): CodeIgniter\Model->doFindAll(0, 0)
#6 D:\laragon\www\SimpleMusicPlayer\app\Controllers\MusicController.php(142): CodeIgniter\BaseModel->findAll()
#7 D:\laragon\www\SimpleMusicPlayer\system\CodeIgniter.php(919): App\Controllers\MusicController->fetchMusicOptions('1')
#8 D:\laragon\www\SimpleMusicPlayer\system\CodeIgniter.php(494): CodeIgniter\CodeIgniter->runController(Object(App\Controllers\MusicController))
#9 D:\laragon\www\SimpleMusicPlayer\system\CodeIgniter.php(353): CodeIgniter\CodeIgniter->handleRequest(NULL, Object(Config\Cache), false)
#10 D:\laragon\www\SimpleMusicPlayer\public\index.php(79): CodeIgniter\CodeIgniter->run()
#11 D:\laragon\www\SimpleMusicPlayer\system\Commands\Server\rewrite.php(47): require_once('D:\\laragon\\www\\...')
#12 {main}
CRITICAL - 2023-09-26 09:08:59 --> Unknown column 'playlist_id' in 'where clause'
in SYSTEMPATH\Database\BaseConnection.php on line 646.
 1 SYSTEMPATH\Database\BaseBuilder.php(1615): CodeIgniter\Database\BaseConnection->query('SELECT *
FROM `music`
WHERE `playlist_id` = :playlist_id:', [...], false)
 2 SYSTEMPATH\Model.php(237): CodeIgniter\Database\BaseBuilder->get()
 3 SYSTEMPATH\BaseModel.php(624): CodeIgniter\Model->doFindAll(0, 0)
 4 APPPATH\Controllers\MusicController.php(142): CodeIgniter\BaseModel->findAll()
 5 SYSTEMPATH\CodeIgniter.php(919): App\Controllers\MusicController->fetchMusicOptions('1')
 6 SYSTEMPATH\CodeIgniter.php(494): CodeIgniter\CodeIgniter->runController(Object(App\Controllers\MusicController))
 7 SYSTEMPATH\CodeIgniter.php(353): CodeIgniter\CodeIgniter->handleRequest(null, Object(Config\Cache), false)
 8 FCPATH\index.php(79): CodeIgniter\CodeIgniter->run()
 9 SYSTEMPATH\Commands\Server\rewrite.php(47): require_once('D:\\laragon\\www\\SimpleMusicPlayer\\public\\index.php')
ERROR - 2023-09-26 09:09:01 --> mysqli_sql_exception: Unknown column 'playlist_id' in 'where clause' in D:\laragon\www\SimpleMusicPlayer\system\Database\MySQLi\Connection.php:306
Stack trace:
#0 D:\laragon\www\SimpleMusicPlayer\system\Database\MySQLi\Connection.php(306): mysqli->query('SELECT *\nFROM `...', 0)
#1 D:\laragon\www\SimpleMusicPlayer\system\Database\BaseConnection.php(692): CodeIgniter\Database\MySQLi\Connection->execute('SELECT *\nFROM `...')
#2 D:\laragon\www\SimpleMusicPlayer\system\Database\BaseConnection.php(606): CodeIgniter\Database\BaseConnection->simpleQuery('SELECT *\nFROM `...')
#3 D:\laragon\www\SimpleMusicPlayer\system\Database\BaseBuilder.php(1615): CodeIgniter\Database\BaseConnection->query('SELECT *\nFROM `...', Array, false)
#4 D:\laragon\www\SimpleMusicPlayer\system\Model.php(237): CodeIgniter\Database\BaseBuilder->get()
#5 D:\laragon\www\SimpleMusicPlayer\system\BaseModel.php(624): CodeIgniter\Model->doFindAll(0, 0)
#6 D:\laragon\www\SimpleMusicPlayer\app\Controllers\MusicController.php(142): CodeIgniter\BaseModel->findAll()
#7 D:\laragon\www\SimpleMusicPlayer\system\CodeIgniter.php(919): App\Controllers\MusicController->fetchMusicOptions('1')
#8 D:\laragon\www\SimpleMusicPlayer\system\CodeIgniter.php(494): CodeIgniter\CodeIgniter->runController(Object(App\Controllers\MusicController))
#9 D:\laragon\www\SimpleMusicPlayer\system\CodeIgniter.php(353): CodeIgniter\CodeIgniter->handleRequest(NULL, Object(Config\Cache), false)
#10 D:\laragon\www\SimpleMusicPlayer\public\index.php(79): CodeIgniter\CodeIgniter->run()
#11 D:\laragon\www\SimpleMusicPlayer\system\Commands\Server\rewrite.php(47): require_once('D:\\laragon\\www\\...')
#12 {main}
CRITICAL - 2023-09-26 09:09:01 --> Unknown column 'playlist_id' in 'where clause'
in SYSTEMPATH\Database\BaseConnection.php on line 646.
 1 SYSTEMPATH\Database\BaseBuilder.php(1615): CodeIgniter\Database\BaseConnection->query('SELECT *
FROM `music`
WHERE `playlist_id` = :playlist_id:', [...], false)
 2 SYSTEMPATH\Model.php(237): CodeIgniter\Database\BaseBuilder->get()
 3 SYSTEMPATH\BaseModel.php(624): CodeIgniter\Model->doFindAll(0, 0)
 4 APPPATH\Controllers\MusicController.php(142): CodeIgniter\BaseModel->findAll()
 5 SYSTEMPATH\CodeIgniter.php(919): App\Controllers\MusicController->fetchMusicOptions('1')
 6 SYSTEMPATH\CodeIgniter.php(494): CodeIgniter\CodeIgniter->runController(Object(App\Controllers\MusicController))
 7 SYSTEMPATH\CodeIgniter.php(353): CodeIgniter\CodeIgniter->handleRequest(null, Object(Config\Cache), false)
 8 FCPATH\index.php(79): CodeIgniter\CodeIgniter->run()
 9 SYSTEMPATH\Commands\Server\rewrite.php(47): require_once('D:\\laragon\\www\\SimpleMusicPlayer\\public\\index.php')
ERROR - 2023-09-26 09:09:03 --> mysqli_sql_exception: Unknown column 'playlist_id' in 'where clause' in D:\laragon\www\SimpleMusicPlayer\system\Database\MySQLi\Connection.php:306
Stack trace:
#0 D:\laragon\www\SimpleMusicPlayer\system\Database\MySQLi\Connection.php(306): mysqli->query('SELECT *\nFROM `...', 0)
#1 D:\laragon\www\SimpleMusicPlayer\system\Database\BaseConnection.php(692): CodeIgniter\Database\MySQLi\Connection->execute('SELECT *\nFROM `...')
#2 D:\laragon\www\SimpleMusicPlayer\system\Database\BaseConnection.php(606): CodeIgniter\Database\BaseConnection->simpleQuery('SELECT *\nFROM `...')
#3 D:\laragon\www\SimpleMusicPlayer\system\Database\BaseBuilder.php(1615): CodeIgniter\Database\BaseConnection->query('SELECT *\nFROM `...', Array, false)
#4 D:\laragon\www\SimpleMusicPlayer\system\Model.php(237): CodeIgniter\Database\BaseBuilder->get()
#5 D:\laragon\www\SimpleMusicPlayer\system\BaseModel.php(624): CodeIgniter\Model->doFindAll(0, 0)
#6 D:\laragon\www\SimpleMusicPlayer\app\Controllers\MusicController.php(142): CodeIgniter\BaseModel->findAll()
#7 D:\laragon\www\SimpleMusicPlayer\system\CodeIgniter.php(919): App\Controllers\MusicController->fetchMusicOptions('1')
#8 D:\laragon\www\SimpleMusicPlayer\system\CodeIgniter.php(494): CodeIgniter\CodeIgniter->runController(Object(App\Controllers\MusicController))
#9 D:\laragon\www\SimpleMusicPlayer\system\CodeIgniter.php(353): CodeIgniter\CodeIgniter->handleRequest(NULL, Object(Config\Cache), false)
#10 D:\laragon\www\SimpleMusicPlayer\public\index.php(79): CodeIgniter\CodeIgniter->run()
#11 D:\laragon\www\SimpleMusicPlayer\system\Commands\Server\rewrite.php(47): require_once('D:\\laragon\\www\\...')
#12 {main}
CRITICAL - 2023-09-26 09:09:03 --> Unknown column 'playlist_id' in 'where clause'
in SYSTEMPATH\Database\BaseConnection.php on line 646.
 1 SYSTEMPATH\Database\BaseBuilder.php(1615): CodeIgniter\Database\BaseConnection->query('SELECT *
FROM `music`
WHERE `playlist_id` = :playlist_id:', [...], false)
 2 SYSTEMPATH\Model.php(237): CodeIgniter\Database\BaseBuilder->get()
 3 SYSTEMPATH\BaseModel.php(624): CodeIgniter\Model->doFindAll(0, 0)
 4 APPPATH\Controllers\MusicController.php(142): CodeIgniter\BaseModel->findAll()
 5 SYSTEMPATH\CodeIgniter.php(919): App\Controllers\MusicController->fetchMusicOptions('1')
 6 SYSTEMPATH\CodeIgniter.php(494): CodeIgniter\CodeIgniter->runController(Object(App\Controllers\MusicController))
 7 SYSTEMPATH\CodeIgniter.php(353): CodeIgniter\CodeIgniter->handleRequest(null, Object(Config\Cache), false)
 8 FCPATH\index.php(79): CodeIgniter\CodeIgniter->run()
 9 SYSTEMPATH\Commands\Server\rewrite.php(47): require_once('D:\\laragon\\www\\SimpleMusicPlayer\\public\\index.php')
ERROR - 2023-09-26 09:09:04 --> mysqli_sql_exception: Unknown column 'playlist_id' in 'where clause' in D:\laragon\www\SimpleMusicPlayer\system\Database\MySQLi\Connection.php:306
Stack trace:
#0 D:\laragon\www\SimpleMusicPlayer\system\Database\MySQLi\Connection.php(306): mysqli->query('SELECT *\nFROM `...', 0)
#1 D:\laragon\www\SimpleMusicPlayer\system\Database\BaseConnection.php(692): CodeIgniter\Database\MySQLi\Connection->execute('SELECT *\nFROM `...')
#2 D:\laragon\www\SimpleMusicPlayer\system\Database\BaseConnection.php(606): CodeIgniter\Database\BaseConnection->simpleQuery('SELECT *\nFROM `...')
#3 D:\laragon\www\SimpleMusicPlayer\system\Database\BaseBuilder.php(1615): CodeIgniter\Database\BaseConnection->query('SELECT *\nFROM `...', Array, false)
#4 D:\laragon\www\SimpleMusicPlayer\system\Model.php(237): CodeIgniter\Database\BaseBuilder->get()
#5 D:\laragon\www\SimpleMusicPlayer\system\BaseModel.php(624): CodeIgniter\Model->doFindAll(0, 0)
#6 D:\laragon\www\SimpleMusicPlayer\app\Controllers\MusicController.php(142): CodeIgniter\BaseModel->findAll()
#7 D:\laragon\www\SimpleMusicPlayer\system\CodeIgniter.php(919): App\Controllers\MusicController->fetchMusicOptions('1')
#8 D:\laragon\www\SimpleMusicPlayer\system\CodeIgniter.php(494): CodeIgniter\CodeIgniter->runController(Object(App\Controllers\MusicController))
#9 D:\laragon\www\SimpleMusicPlayer\system\CodeIgniter.php(353): CodeIgniter\CodeIgniter->handleRequest(NULL, Object(Config\Cache), false)
#10 D:\laragon\www\SimpleMusicPlayer\public\index.php(79): CodeIgniter\CodeIgniter->run()
#11 D:\laragon\www\SimpleMusicPlayer\system\Commands\Server\rewrite.php(47): require_once('D:\\laragon\\www\\...')
#12 {main}
CRITICAL - 2023-09-26 09:09:04 --> Unknown column 'playlist_id' in 'where clause'
in SYSTEMPATH\Database\BaseConnection.php on line 646.
 1 SYSTEMPATH\Database\BaseBuilder.php(1615): CodeIgniter\Database\BaseConnection->query('SELECT *
FROM `music`
WHERE `playlist_id` = :playlist_id:', [...], false)
 2 SYSTEMPATH\Model.php(237): CodeIgniter\Database\BaseBuilder->get()
 3 SYSTEMPATH\BaseModel.php(624): CodeIgniter\Model->doFindAll(0, 0)
 4 APPPATH\Controllers\MusicController.php(142): CodeIgniter\BaseModel->findAll()
 5 SYSTEMPATH\CodeIgniter.php(919): App\Controllers\MusicController->fetchMusicOptions('1')
 6 SYSTEMPATH\CodeIgniter.php(494): CodeIgniter\CodeIgniter->runController(Object(App\Controllers\MusicController))
 7 SYSTEMPATH\CodeIgniter.php(353): CodeIgniter\CodeIgniter->handleRequest(null, Object(Config\Cache), false)
 8 FCPATH\index.php(79): CodeIgniter\CodeIgniter->run()
 9 SYSTEMPATH\Commands\Server\rewrite.php(47): require_once('D:\\laragon\\www\\SimpleMusicPlayer\\public\\index.php')
ERROR - 2023-09-26 09:13:28 --> mysqli_sql_exception: Unknown column 'playlist_id' in 'where clause' in D:\laragon\www\SimpleMusicPlayer\system\Database\MySQLi\Connection.php:306
Stack trace:
#0 D:\laragon\www\SimpleMusicPlayer\system\Database\MySQLi\Connection.php(306): mysqli->query('SELECT *\nFROM `...', 0)
#1 D:\laragon\www\SimpleMusicPlayer\system\Database\BaseConnection.php(692): CodeIgniter\Database\MySQLi\Connection->execute('SELECT *\nFROM `...')
#2 D:\laragon\www\SimpleMusicPlayer\system\Database\BaseConnection.php(606): CodeIgniter\Database\BaseConnection->simpleQuery('SELECT *\nFROM `...')
#3 D:\laragon\www\SimpleMusicPlayer\system\Database\BaseBuilder.php(1615): CodeIgniter\Database\BaseConnection->query('SELECT *\nFROM `...', Array, false)
#4 D:\laragon\www\SimpleMusicPlayer\system\Model.php(237): CodeIgniter\Database\BaseBuilder->get()
#5 D:\laragon\www\SimpleMusicPlayer\system\BaseModel.php(624): CodeIgniter\Model->doFindAll(0, 0)
#6 D:\laragon\www\SimpleMusicPlayer\app\Controllers\MusicController.php(142): CodeIgniter\BaseModel->findAll()
#7 D:\laragon\www\SimpleMusicPlayer\system\CodeIgniter.php(919): App\Controllers\MusicController->fetchMusicOptions('1')
#8 D:\laragon\www\SimpleMusicPlayer\system\CodeIgniter.php(494): CodeIgniter\CodeIgniter->runController(Object(App\Controllers\MusicController))
#9 D:\laragon\www\SimpleMusicPlayer\system\CodeIgniter.php(353): CodeIgniter\CodeIgniter->handleRequest(NULL, Object(Config\Cache), false)
#10 D:\laragon\www\SimpleMusicPlayer\public\index.php(79): CodeIgniter\CodeIgniter->run()
#11 D:\laragon\www\SimpleMusicPlayer\system\Commands\Server\rewrite.php(47): require_once('D:\\laragon\\www\\...')
#12 {main}
CRITICAL - 2023-09-26 09:13:28 --> Unknown column 'playlist_id' in 'where clause'
in SYSTEMPATH\Database\BaseConnection.php on line 646.
 1 SYSTEMPATH\Database\BaseBuilder.php(1615): CodeIgniter\Database\BaseConnection->query('SELECT *
FROM `music`
WHERE `playlist_id` = :playlist_id:', [...], false)
 2 SYSTEMPATH\Model.php(237): CodeIgniter\Database\BaseBuilder->get()
 3 SYSTEMPATH\BaseModel.php(624): CodeIgniter\Model->doFindAll(0, 0)
 4 APPPATH\Controllers\MusicController.php(142): CodeIgniter\BaseModel->findAll()
 5 SYSTEMPATH\CodeIgniter.php(919): App\Controllers\MusicController->fetchMusicOptions('1')
 6 SYSTEMPATH\CodeIgniter.php(494): CodeIgniter\CodeIgniter->runController(Object(App\Controllers\MusicController))
 7 SYSTEMPATH\CodeIgniter.php(353): CodeIgniter\CodeIgniter->handleRequest(null, Object(Config\Cache), false)
 8 FCPATH\index.php(79): CodeIgniter\CodeIgniter->run()
 9 SYSTEMPATH\Commands\Server\rewrite.php(47): require_once('D:\\laragon\\www\\SimpleMusicPlayer\\public\\index.php')
CRITICAL - 2023-09-26 14:35:29 --> Call to undefined method App\Models\PlaylistMusicModel::getMusicOptionsForPlaylist
in SYSTEMPATH\Model.php on line 873.
 1 APPPATH\Controllers\MusicController.php(145): CodeIgniter\Model->__call('getMusicOptionsForPlaylist', [...])
 2 SYSTEMPATH\CodeIgniter.php(919): App\Controllers\MusicController->getMusicOptions()
 3 SYSTEMPATH\CodeIgniter.php(494): CodeIgniter\CodeIgniter->runController(Object(App\Controllers\MusicController))
 4 SYSTEMPATH\CodeIgniter.php(353): CodeIgniter\CodeIgniter->handleRequest(null, Object(Config\Cache), false)
 5 FCPATH\index.php(79): CodeIgniter\CodeIgniter->run()
 6 SYSTEMPATH\Commands\Server\rewrite.php(47): require_once('D:\\laragon\\www\\SimpleMusicPlayer\\public\\index.php')
CRITICAL - 2023-09-26 14:35:32 --> Call to undefined method App\Models\PlaylistMusicModel::getMusicOptionsForPlaylist
in SYSTEMPATH\Model.php on line 873.
 1 APPPATH\Controllers\MusicController.php(145): CodeIgniter\Model->__call('getMusicOptionsForPlaylist', [...])
 2 SYSTEMPATH\CodeIgniter.php(919): App\Controllers\MusicController->getMusicOptions()
 3 SYSTEMPATH\CodeIgniter.php(494): CodeIgniter\CodeIgniter->runController(Object(App\Controllers\MusicController))
 4 SYSTEMPATH\CodeIgniter.php(353): CodeIgniter\CodeIgniter->handleRequest(null, Object(Config\Cache), false)
 5 FCPATH\index.php(79): CodeIgniter\CodeIgniter->run()
 6 SYSTEMPATH\Commands\Server\rewrite.php(47): require_once('D:\\laragon\\www\\SimpleMusicPlayer\\public\\index.php')
CRITICAL - 2023-09-26 14:35:34 --> Call to undefined method App\Models\PlaylistMusicModel::getMusicOptionsForPlaylist
in SYSTEMPATH\Model.php on line 873.
 1 APPPATH\Controllers\MusicController.php(145): CodeIgniter\Model->__call('getMusicOptionsForPlaylist', [...])
 2 SYSTEMPATH\CodeIgniter.php(919): App\Controllers\MusicController->getMusicOptions()
 3 SYSTEMPATH\CodeIgniter.php(494): CodeIgniter\CodeIgniter->runController(Object(App\Controllers\MusicController))
 4 SYSTEMPATH\CodeIgniter.php(353): CodeIgniter\CodeIgniter->handleRequest(null, Object(Config\Cache), false)
 5 FCPATH\index.php(79): CodeIgniter\CodeIgniter->run()
 6 SYSTEMPATH\Commands\Server\rewrite.php(47): require_once('D:\\laragon\\www\\SimpleMusicPlayer\\public\\index.php')
CRITICAL - 2023-09-26 14:43:08 --> Call to undefined method App\Models\PlaylistMusicModel::getMusicOptionsForPlaylist
in SYSTEMPATH\Model.php on line 873.
 1 APPPATH\Controllers\MusicController.php(145): CodeIgniter\Model->__call('getMusicOptionsForPlaylist', [...])
 2 SYSTEMPATH\CodeIgniter.php(919): App\Controllers\MusicController->getMusicOptions()
 3 SYSTEMPATH\CodeIgniter.php(494): CodeIgniter\CodeIgniter->runController(Object(App\Controllers\MusicController))
 4 SYSTEMPATH\CodeIgniter.php(353): CodeIgniter\CodeIgniter->handleRequest(null, Object(Config\Cache), false)
 5 FCPATH\index.php(79): CodeIgniter\CodeIgniter->run()
 6 SYSTEMPATH\Commands\Server\rewrite.php(47): require_once('D:\\laragon\\www\\SimpleMusicPlayer\\public\\index.php')
